Removed Pin From Net: NetName=NetR6_1 Pin=U2-1
Removed Pin From Net: NetName=NetR5_1 Pin=U2-2
Removed Pin From Net: NetName=VCC Pin=U2-3
Removed Pin From Net: NetName=NetJ1_1 Pin=U2-4
Removed Pin From Net: NetName=NetJ2_2 Pin=U2-5
Removed Pin From Net: NetName=NetJ1_2 Pin=U2-6
Removed Pin From Net: NetName=NetJ2_2 Pin=U2-7
Removed Pin From Net: NetName=GND Pin=U2-12
Removed Member From Class: ClassName=Auto_Switch Member=U2
Added Component: Designator=U3(N0014A)
Add component (AddParameter): Name = "Code_IPC"; Value = ""; VariantName = "[No Variations]"
Add component (AddParameter): Name = "Code_JEDEC"; Value = "MS-001-AA"; VariantName = "[No Variations]"
Add component (AddParameter): Name = "Code_JEITA"; Value = ""; VariantName = "[No Variations]"
Add component (AddParameter): Name = "ComponentLink1Description"; Value = "Datasheet URL"; VariantName = "[No Variations]"
Add component (AddParameter): Name = "ComponentLink1URL"; Value = "http://www.ti.com/general/docs/lit/getliterature.tsp?genericPartNumber=LM324&fileType=pdf"; VariantName = "[No Variations]"
Add component (AddParameter): Name = "CompType"; Value = "Amplifiers"; VariantName = "[No Variations]"
Add component (AddParameter): Name = "High-Reliability"; Value = ""; VariantName = "[No Variations]"
Add component (AddParameter): Name = "Manufacturer"; Value = "Texas Instruments"; VariantName = "[No Variations]"
Add component (AddParameter): Name = "Package Reference"; Value = "N0014A"; VariantName = "[No Variations]"
Add component (AddParameter): Name = "PackageDescription"; Value = "MDIP, .750 x .250 x.130in, 14 Lead, .100in Pitch"; VariantName = "[No Variations]"
Add component (AddParameter): Name = "PackageTopMarking"; Value = "NSUZXYYTTE#*LM324N"; VariantName = "[No Variations]"
Add component (AddParameter): Name = "PartNumber"; Value = ""; VariantName = "[No Variations]"
Add component (AddParameter): Name = "PinCount"; Value = "14"; VariantName = "[No Variations]"
Add component (AddParameter): Name = "PowerWise"; Value = "N"; VariantName = "[No Variations]"
Add component (AddParameter): Name = "RoHS"; Value = "N"; VariantName = "[No Variations]"
Added Pin To Net: NetName=NetR6_1 Pin=U3-1
Added Pin To Net: NetName=NetJ2_2 Pin=U3-2
Added Pin To Net: NetName=NetJ1_2 Pin=U3-3
Added Pin To Net: NetName=VCC Pin=U3-4
Added Pin To Net: NetName=NetJ1_1 Pin=U3-5
Added Pin To Net: NetName=NetJ2_2 Pin=U3-6
Added Pin To Net: NetName=NetR5_1 Pin=U3-7
Added Pin To Net: NetName=GND Pin=U3-11
Added Member To Class: ClassName=Auto_Switch Member=Component Q1 BC547B
Added Member To Class: ClassName=Auto_Switch Member=Component R5 MFR-25FBF52-1M
Added Member To Class: ClassName=Auto_Switch Member=Component U3 LM324N
Added Room: Name=Auto_Switch
